<testsuites id="" name="" tests="84" failures="1" skipped="9" errors="2" time="876.9673590000001">
<testsuite name="e2e\auth.setup.js" timestamp="2026-07-02T01:28:01.583Z" hostname="setup" tests="1" failures="0" skipped="0" time="8.284" errors="0">
<testcase name="authenticate" classname="e2e\auth.setup.js" time="8.284">
<system-out>
<![CDATA[✅ Login confirmed!
✅ Session saved!
]]>
</system-out>
</testcase>
</testsuite>
<testsuite name="e2e\add-patient.spec.js" timestamp="2026-07-02T01:28:01.583Z" hostname="chromium" tests="10" failures="0" skipped="2" time="66.577" errors="0">
<testcase name="Add Patient — @add-patient › should open Add Patient modal when clicking Add Patient button" classname="e2e\add-patient.spec.js" time="4.744">
</testcase>
<testcase name="Add Patient — @add-patient › should close Add Patient modal when clicking Cancel" classname="e2e\add-patient.spec.js" time="5.743">
</testcase>
<testcase name="Add Patient — @add-patient › should display all key form fields inside the modal" classname="e2e\add-patient.spec.js" time="4.821">
</testcase>
<testcase name="Add Patient — @add-patient › should not submit when all fields are empty" classname="e2e\add-patient.spec.js" time="5.041">
</testcase>
<testcase name="Add Patient — @add-patient › should not submit when First Name is missing" classname="e2e\add-patient.spec.js" time="4.956">
</testcase>
<testcase name="Add Patient — @add-patient › should not submit when Last Name is missing" classname="e2e\add-patient.spec.js" time="10.784">
</testcase>
<testcase name="Add Patient — @add-patient › should add a new patient with all required fields and appear in listings" classname="e2e\add-patient.spec.js" time="21.395">
</testcase>
<testcase name="Add Patient — @add-patient › should verify the newly added patient" classname="e2e\add-patient.spec.js" time="9.093">
</testcase>
<testcase name="Add Patient — @add-patient › should open MRN lookup when clicking Add Patient (MRN)" classname="e2e\add-patient.spec.js">
<properties>
<property name="skip" value="">
</property>
</properties>
<skipped>
</skipped>
</testcase>
<testcase name="Add Patient — @add-patient › should show error for a non-existent MRN" classname="e2e\add-patient.spec.js">
<properties>
<property name="skip" value="">
</property>
</properties>
<skipped>
</skipped>
</testcase>
</testsuite>
<testsuite name="e2e\chat.spec.js" timestamp="2026-07-02T01:28:01.583Z" hostname="chromium" tests="3" failures="0" skipped="0" time="75.284" errors="1">
<testcase name="Chat › navigates to Chat tab" classname="e2e\chat.spec.js" time="3.732">
</testcase>
<testcase name="Chat › opens the first conversation" classname="e2e\chat.spec.js" time="7.42">
</testcase>
<testcase name="Chat › sends a message in the first conversation" classname="e2e\chat.spec.js" time="64.132">
<system-out>
<![CDATA[
[[ATTACHMENT|..\..\test-results\e2e-chat-Chat-sends-a-message-in-the-first-conversation-chromium\test-failed-1.png]]

[[ATTACHMENT|..\..\test-results\e2e-chat-Chat-sends-a-message-in-the-first-conversation-chromium\video.webm]]

[[ATTACHMENT|..\..\test-results\e2e-chat-Chat-sends-a-message-in-the-first-conversation-chromium\error-context.md]]

[[ATTACHMENT|..\..\test-results\e2e-chat-Chat-sends-a-message-in-the-first-conversation-chromium\trace.zip]]
]]>
</system-out>
<error message="Test timeout of 60000ms exceeded." type="Error">
<![CDATA[  [chromium] › e2e\chat.spec.js:23:3 › Chat › sends a message in the first conversation ────────────

    Test timeout of 60000ms exceeded.

    Error: locator.click: Test timeout of 60000ms exceeded.
    Call log:
      - waiting for getByRole('button').filter({ hasText: /^$/ }).nth(3)
        - locator resolved to <div role="button" aria-roledescription="button" class="MessagingInput_sendMessageBtn__zskYc">…</div>
      - attempting click action
        - waiting for element to be visible, enabled and stable
        - element is not stable
      - retrying click action
        - waiting for element to be visible, enabled and stable
      - element was detached from the DOM, retrying


       at ..\pages\ChatPage.js:72

      70 |     // Codegen confirmed: send button is .nth(3) among empty-text buttons.
      71 |     // nth(2) resolves to the hidden file input — nth(3) is the actual send button.
    > 72 |     await this.sendBtn.nth(3).click();
         |                               ^
      73 |   }
      74 |
      75 |   // ── Open a conversation and send a message in one step ───────────
        at ChatPage.sendMessage (D:\Metabolic\pages\ChatPage.js:72:31)
        at D:\Metabolic\tests\e2e\chat.spec.js:29:5

    attachment #1: screenshot (image/png) ──────────────────────────────────────────────────────────
    ..\test-results\e2e-chat-Chat-sends-a-message-in-the-first-conversation-chromium\test-failed-1.png
    ────────────────────────────────────────────────────────────────────────────────────────────────

    attachment #2: video (video/webm) ──────────────────────────────────────────────────────────────
    ..\test-results\e2e-chat-Chat-sends-a-message-in-the-first-conversation-chromium\video.webm
    ────────────────────────────────────────────────────────────────────────────────────────────────

    Error Context: ..\test-results\e2e-chat-Chat-sends-a-message-in-the-first-conversation-chromium\error-context.md

    attachment #4: trace (application/zip) ─────────────────────────────────────────────────────────
    ..\test-results\e2e-chat-Chat-sends-a-message-in-the-first-conversation-chromium\trace.zip
    Usage:

        npx playwright show-trace ..\test-results\e2e-chat-Chat-sends-a-message-in-the-first-conversation-chromium\trace.zip

    ────────────────────────────────────────────────────────────────────────────────────────────────
]]>
</error>
</testcase>
</testsuite>
<testsuite name="e2e\consent-intake.spec.js" timestamp="2026-07-02T01:28:01.583Z" hostname="chromium" tests="10" failures="0" skipped="3" time="119.624" errors="1">
<testcase name="Consent &amp; Intake › navigates to Consent &amp; Intake tab" classname="e2e\consent-intake.spec.js" time="5.099">
</testcase>
<testcase name="Consent &amp; Intake › sets visit date and saves unique episode number" classname="e2e\consent-intake.spec.js" time="9.411">
</testcase>
<testcase name="Consent &amp; Intake › minor patient: shows guardian banner after episode save" classname="e2e\consent-intake.spec.js">
<properties>
<property name="skip" value="">
</property>
</properties>
<skipped>
</skipped>
</testcase>
<testcase name="Consent &amp; Intake › selects patient type" classname="e2e\consent-intake.spec.js" time="9.033">
</testcase>
<testcase name="Consent &amp; Intake › selects visit type" classname="e2e\consent-intake.spec.js" time="7.691">
</testcase>
<testcase name="Consent &amp; Intake › quick assigns a doctor" classname="e2e\consent-intake.spec.js">
<properties>
<property name="skip" value="">
</property>
</properties>
<skipped>
</skipped>
</testcase>
<testcase name="Consent &amp; Intake › quick assigns a witness" classname="e2e\consent-intake.spec.js">
<properties>
<property name="skip" value="">
</property>
</properties>
<skipped>
</skipped>
</testcase>
<testcase name="Consent &amp; Intake › edits parent/guardian co-signer" classname="e2e\consent-intake.spec.js" time="8.005">
</testcase>
<testcase name="Consent &amp; Intake › edits interpreter details" classname="e2e\consent-intake.spec.js" time="7.807">
</testcase>
<testcase name="Consent &amp; Intake › copy secure link button is visible" classname="e2e\consent-intake.spec.js" time="63.836">
<system-out>
<![CDATA[
[[ATTACHMENT|..\..\test-results\e2e-consent-intake-Consent-42fb7-cure-link-button-is-visible-chromium\test-failed-1.png]]

[[ATTACHMENT|..\..\test-results\e2e-consent-intake-Consent-42fb7-cure-link-button-is-visible-chromium\video.webm]]

[[ATTACHMENT|..\..\test-results\e2e-consent-intake-Consent-42fb7-cure-link-button-is-visible-chromium\error-context.md]]

[[ATTACHMENT|..\..\test-results\e2e-consent-intake-Consent-42fb7-cure-link-button-is-visible-chromium\trace.zip]]
]]>
</system-out>
<error message="Test timeout of 60000ms exceeded." type="Error">
<![CDATA[  [chromium] › e2e\consent-intake.spec.js:120:3 › Consent & Intake › copy secure link button is visible 

    Test timeout of 60000ms exceeded.

    Error: locator.click: Test timeout of 60000ms exceeded.
    Call log:
      - waiting for getByRole('button', { name: 'Add Parent/Guardian' }).first()
        - locator resolved to <button type="button" class="ConsentIntake_outlineDarkStrong__HzbNl btn btn-outline-dark">…</button>
      - attempting click action
        - waiting for element to be visible, enabled and stable
        - element is visible, enabled and stable
        - scrolling into view if needed
      - element was detached from the DOM, retrying


       at ..\pages\ConsentIntakePage.js:210

      208 |       await this.updateParentGuardianBtn.click();
      209 |     } else {
    > 210 |       await this.addParentGuardianBtn.first().click();
          |                                               ^
      211 |       await dialog.waitFor({ state: 'visible', timeout: 5000 });
      212 |       await dialog.locator('input').first().fill(fullName);
      213 |       await dialog.getByRole('button', { name: 'Add Parent/Guardian' }).click();
        at ConsentIntakePage.editParentGuardian (D:\Metabolic\pages\ConsentIntakePage.js:210:47)
        at ConsentIntakePage.setupVisit (D:\Metabolic\pages\ConsentIntakePage.js:248:7)
        at setupVisit (D:\Metabolic\tests\e2e\consent-intake.spec.js:21:3)
        at D:\Metabolic\tests\e2e\consent-intake.spec.js:122:5

    attachment #1: screenshot (image/png) ──────────────────────────────────────────────────────────
    ..\test-results\e2e-consent-intake-Consent-42fb7-cure-link-button-is-visible-chromium\test-failed-1.png
    ────────────────────────────────────────────────────────────────────────────────────────────────

    attachment #2: video (video/webm) ──────────────────────────────────────────────────────────────
    ..\test-results\e2e-consent-intake-Consent-42fb7-cure-link-button-is-visible-chromium\video.webm
    ────────────────────────────────────────────────────────────────────────────────────────────────

    Error Context: ..\test-results\e2e-consent-intake-Consent-42fb7-cure-link-button-is-visible-chromium\error-context.md

    attachment #4: trace (application/zip) ─────────────────────────────────────────────────────────
    ..\test-results\e2e-consent-intake-Consent-42fb7-cure-link-button-is-visible-chromium\trace.zip
    Usage:

        npx playwright show-trace ..\test-results\e2e-consent-intake-Consent-42fb7-cure-link-button-is-visible-chromium\trace.zip

    ────────────────────────────────────────────────────────────────────────────────────────────────
]]>
</error>
</testcase>
</testsuite>
<testsuite name="e2e\coupons.spec.js" timestamp="2026-07-02T01:28:01.583Z" hostname="chromium" tests="3" failures="0" skipped="0" time="44.31" errors="0">
<testcase name="Coupons › generates a coupon and verifies it appears in the list as OPEN" classname="e2e\coupons.spec.js" time="14.421">
<system-out>
<![CDATA[Generated: MH-4ME3K6
Status: OPEN
]]>
</system-out>
</testcase>
<testcase name="Coupons › redeems a coupon and verifies REDEEMED status with redeemed-by name" classname="e2e\coupons.spec.js" time="15.937">
<system-out>
<![CDATA[Generated: MH-VYA4ZZ
Status before redeem: OPEN
Status after redeem: REDEEMED
Redeemed by: Umer Mushtaq
]]>
</system-out>
</testcase>
<testcase name="Coupons › shows error when redeeming an already redeemed coupon" classname="e2e\coupons.spec.js" time="13.952">
</testcase>
</testsuite>
<testsuite name="e2e\documents.spec.js" timestamp="2026-07-02T01:28:01.583Z" hostname="chromium" tests="6" failures="0" skipped="0" time="61.878" errors="0">
<testcase name="Documents › navigates to Documents tab" classname="e2e\documents.spec.js" time="7.085">
</testcase>
<testcase name="Documents › uploads a report" classname="e2e\documents.spec.js" time="22.578">
<system-out>
<![CDATA[Uploaded file shown as: 1782956033_file.pdf
]]>
</system-out>
</testcase>
<testcase name="Documents › opens the uploaded document and returns to list" classname="e2e\documents.spec.js" time="7.998">
</testcase>
<testcase name="Documents › opens all documents one by one" classname="e2e\documents.spec.js" time="6.55">
</testcase>
<testcase name="Documents › searches documents and clears search" classname="e2e\documents.spec.js" time="9.426">
</testcase>
<testcase name="Documents › deletes the uploaded document" classname="e2e\documents.spec.js" time="8.241">
</testcase>
</testsuite>
<testsuite name="e2e\glucose-analysis.spec.js" timestamp="2026-07-02T01:28:01.583Z" hostname="chromium" tests="3" failures="0" skipped="0" time="11.527" errors="0">
<testcase name="Glucose Analysis › navigates to Glucose Analysis tab" classname="e2e\glucose-analysis.spec.js" time="3.302">
</testcase>
<testcase name="Glucose Analysis › opens date picker" classname="e2e\glucose-analysis.spec.js" time="3.917">
</testcase>
<testcase name="Glucose Analysis › changes date range and applies" classname="e2e\glucose-analysis.spec.js" time="4.308">
</testcase>
</testsuite>
<testsuite name="e2e\health-info.spec.js" timestamp="2026-07-02T01:28:01.583Z" hostname="chromium" tests="10" failures="0" skipped="2" time="100.926" errors="0">
<testcase name="Health Info › navigates to Health Info tab" classname="e2e\health-info.spec.js" time="6.125">
</testcase>
<testcase name="Health Info › opens and closes Blood Pressure metric detail" classname="e2e\health-info.spec.js" time="6.701">
</testcase>
<testcase name="Health Info › Glucose card navigates to comparison view" classname="e2e\health-info.spec.js" time="17.37">
</testcase>
<testcase name="Health Info › opens and closes Activity metric detail" classname="e2e\health-info.spec.js" time="6.818">
</testcase>
<testcase name="Health Info › opens and closes Weight metric detail" classname="e2e\health-info.spec.js" time="7.186">
</testcase>
<testcase name="Health Info › edits a Food entry and saves" classname="e2e\health-info.spec.js">
<properties>
<property name="skip" value="">
</property>
</properties>
<skipped>
</skipped>
</testcase>
<testcase name="Health Info › adds clinician feedback on Food entry" classname="e2e\health-info.spec.js">
<properties>
<property name="skip" value="">
</property>
</properties>
<skipped>
</skipped>
</testcase>
<testcase name="Health Info › toggles chart metrics on/off" classname="e2e\health-info.spec.js" time="6.315">
</testcase>
<testcase name="Health Info › switches between chart time ranges" classname="e2e\health-info.spec.js" time="38.362">
</testcase>
<testcase name="Health Info › applies Latest Updates filter with select all" classname="e2e\health-info.spec.js" time="12.049">
</testcase>
</testsuite>
<testsuite name="e2e\login.spec.js" timestamp="2026-07-02T01:28:01.583Z" hostname="chromium" tests="3" failures="0" skipped="0" time="11.081" errors="0">
<testcase name="Metabolic Portal - Login Flow › should login successfully with valid credentials" classname="e2e\login.spec.js" time="4.856">
</testcase>
<testcase name="Metabolic Portal - Login Flow › should show error with invalid password" classname="e2e\login.spec.js" time="3.392">
</testcase>
<testcase name="Metabolic Portal - Login Flow › should not allow login with empty fields" classname="e2e\login.spec.js" time="2.833">
</testcase>
</testsuite>
<testsuite name="e2e\Patient-info.spec.js" timestamp="2026-07-02T01:28:01.583Z" hostname="chromium" tests="8" failures="0" skipped="1" time="65.148" errors="0">
<testcase name="Patient Info — @patient-info › should navigate to patient profile from listings search" classname="e2e\Patient-info.spec.js" time="6.806">
</testcase>
<testcase name="Patient Info — @patient-info › should show the options menu on patient profile" classname="e2e\Patient-info.spec.js" time="7.556">
</testcase>
<testcase name="Patient Info — @patient-info › should open Edit Info from options menu" classname="e2e\Patient-info.spec.js" time="9.525">
</testcase>
<testcase name="Patient Info — @patient-info › should save patient info without changes" classname="e2e\Patient-info.spec.js">
<properties>
<property name="skip" value="">
</property>
</properties>
<skipped>
</skipped>
</testcase>
<testcase name="Patient Info — @patient-info › should toggle verify status and restore it" classname="e2e\Patient-info.spec.js" time="18.677">
</testcase>
<testcase name="Patient Info — @patient-info › should pin and then unpin the patient" classname="e2e\Patient-info.spec.js" time="8.274">
</testcase>
<testcase name="Patient Info — @patient-info › should add an internal note and submit it" classname="e2e\Patient-info.spec.js" time="7.578">
</testcase>
<testcase name="Patient Info — @patient-info › should open add note dialog and cancel without saving" classname="e2e\Patient-info.spec.js" time="6.732">
</testcase>
</testsuite>
<testsuite name="e2e\patient-listings.spec.js" timestamp="2026-07-02T01:28:01.583Z" hostname="chromium" tests="11" failures="0" skipped="0" time="87.951" errors="0">
<testcase name="Patient Listings — @patients › should land on patient listings page after login" classname="e2e\patient-listings.spec.js" time="6.018">
</testcase>
<testcase name="Patient Listings — @patients › should show search bar and action buttons" classname="e2e\patient-listings.spec.js" time="3.508">
</testcase>
<testcase name="Patient Listings — @patients › should show saved filters section" classname="e2e\patient-listings.spec.js" time="3.458">
</testcase>
<testcase name="Patient Listings — @patients › should search patient by name and show result" classname="e2e\patient-listings.spec.js" time="5.551">
</testcase>
<testcase name="Patient Listings — @patients › should clear search when clicking Clear Filter" classname="e2e\patient-listings.spec.js" time="17.131">
</testcase>
<testcase name="Patient Listings — @patients › should open and close filter modal" classname="e2e\patient-listings.spec.js" time="5.657">
</testcase>
<testcase name="Patient Listings — @patients › should apply Male gender filter and show Clear Filter button" classname="e2e\patient-listings.spec.js" time="17.632">
</testcase>
<testcase name="Patient Listings — @patients › should save a custom filter set with a title" classname="e2e\patient-listings.spec.js" time="6.348">
</testcase>
<testcase name="Patient Listings — @patients › should apply a saved filter chip and show Clear Filter button" classname="e2e\patient-listings.spec.js" time="15.785">
</testcase>
<testcase name="Patient Listings — @patients › should show Add Patient button enabled" classname="e2e\patient-listings.spec.js" time="3.065">
</testcase>
<testcase name="Patient Listings — @patients › should show Add Patient (MRN) button enabled" classname="e2e\patient-listings.spec.js" time="3.798">
</testcase>
</testsuite>
<testsuite name="e2e\tasks.spec.js" timestamp="2026-07-02T01:28:01.583Z" hostname="chromium" tests="6" failures="0" skipped="1" time="79.553" errors="0">
<testcase name="Tasks › navigates to Tasks tab" classname="e2e\tasks.spec.js" time="3.725">
</testcase>
<testcase name="Tasks › opens All Tasks queue" classname="e2e\tasks.spec.js" time="15.112">
</testcase>
<testcase name="Tasks › opens BCA Queue" classname="e2e\tasks.spec.js" time="15.19">
</testcase>
<testcase name="Tasks › toggles 3D scan viewer on a BCA task" classname="e2e\tasks.spec.js">
<properties>
<property name="skip" value="">
</property>
</properties>
<skipped>
</skipped>
</testcase>
<testcase name="Tasks › reviews a task: standard algorithm, publish, override" classname="e2e\tasks.spec.js" time="29.27">
</testcase>
<testcase name="Tasks › dismisses results with override" classname="e2e\tasks.spec.js" time="16.256">
</testcase>
</testsuite>
<testsuite name="e2e\team.spec.js" timestamp="2026-07-02T01:28:01.583Z" hostname="chromium" tests="4" failures="0" skipped="0" time="34.555" errors="0">
<testcase name="Team › navigates to Team tab" classname="e2e\team.spec.js" time="4.298">
</testcase>
<testcase name="Team › adds a new team member" classname="e2e\team.spec.js" time="12.79">
</testcase>
<testcase name="Team › searches and clears filter" classname="e2e\team.spec.js" time="5.621">
</testcase>
<testcase name="Team › edits an existing user via row dropdown" classname="e2e\team.spec.js" time="11.846">
</testcase>
</testsuite>
<testsuite name="e2e\visits.spec.js" timestamp="2026-07-02T01:28:01.583Z" hostname="chromium" tests="6" failures="1" skipped="0" time="96.325" errors="0">
<testcase name="Visits › navigates to Visits tab" classname="e2e\visits.spec.js" time="15.349">
</testcase>
<testcase name="Visits › visits tab shows visit cards and Start Consultation links" classname="e2e\visits.spec.js" time="7.633">
<system-out>
<![CDATA[Start Consultation links: [33m120[39m
]]>
</system-out>
</testcase>
<testcase name="Visits › opens a visit popup and clicks Begin Consultation" classname="e2e\visits.spec.js" time="20.397">
<system-out>
<![CDATA[
[[ATTACHMENT|..\..\test-results\e2e-visits-Visits-opens-a--8ceba-d-clicks-Begin-Consultation-chromium\test-failed-2.png]]

[[ATTACHMENT|..\..\test-results\e2e-visits-Visits-opens-a--8ceba-d-clicks-Begin-Consultation-chromium\test-failed-1.png]]

[[ATTACHMENT|..\..\test-results\e2e-visits-Visits-opens-a--8ceba-d-clicks-Begin-Consultation-chromium\video-1.webm]]

[[ATTACHMENT|..\..\test-results\e2e-visits-Visits-opens-a--8ceba-d-clicks-Begin-Consultation-chromium\video.webm]]

[[ATTACHMENT|..\..\test-results\e2e-visits-Visits-opens-a--8ceba-d-clicks-Begin-Consultation-chromium\error-context.md]]

[[ATTACHMENT|..\..\test-results\e2e-visits-Visits-opens-a--8ceba-d-clicks-Begin-Consultation-chromium\trace.zip]]
]]>
</system-out>
<failure message="expect(locator).toBeVisible() failed" type="expect.toBeVisible">
<![CDATA[  [chromium] › e2e\visits.spec.js:26:3 › Visits › opens a visit popup and clicks Begin Consultation 

    Error: expect(locator).toBeVisible() failed

    Locator: getByRole('button', { name: 'Start Review' })
    Expected: visible
    Timeout: 5000ms
    Error: element(s) not found

    Call log:
      - Expect "toBeVisible" with timeout 5000ms
      - waiting for getByRole('button', { name: 'Start Review' })


      32 |
      33 |     const startBtn = visitPopup.getByRole('button', { name: 'Start Review' });
    > 34 |     await expect(startBtn).toBeVisible();
         |                            ^
      35 |
      36 |     await visitPopup.close();
      37 |   });
        at D:\Metabolic\tests\e2e\visits.spec.js:34:28

    attachment #1: screenshot (image/png) ──────────────────────────────────────────────────────────
    ..\test-results\e2e-visits-Visits-opens-a--8ceba-d-clicks-Begin-Consultation-chromium\test-failed-2.png
    ────────────────────────────────────────────────────────────────────────────────────────────────

    attachment #2: screenshot (image/png) ──────────────────────────────────────────────────────────
    ..\test-results\e2e-visits-Visits-opens-a--8ceba-d-clicks-Begin-Consultation-chromium\test-failed-1.png
    ────────────────────────────────────────────────────────────────────────────────────────────────

    attachment #3: video (video/webm) ──────────────────────────────────────────────────────────────
    ..\test-results\e2e-visits-Visits-opens-a--8ceba-d-clicks-Begin-Consultation-chromium\video-1.webm
    ────────────────────────────────────────────────────────────────────────────────────────────────

    attachment #4: video (video/webm) ──────────────────────────────────────────────────────────────
    ..\test-results\e2e-visits-Visits-opens-a--8ceba-d-clicks-Begin-Consultation-chromium\video.webm
    ────────────────────────────────────────────────────────────────────────────────────────────────

    Error Context: ..\test-results\e2e-visits-Visits-opens-a--8ceba-d-clicks-Begin-Consultation-chromium\error-context.md

    attachment #6: trace (application/zip) ─────────────────────────────────────────────────────────
    ..\test-results\e2e-visits-Visits-opens-a--8ceba-d-clicks-Begin-Consultation-chromium\trace.zip
    Usage:

        npx playwright show-trace ..\test-results\e2e-visits-Visits-opens-a--8ceba-d-clicks-Begin-Consultation-chromium\trace.zip

    ────────────────────────────────────────────────────────────────────────────────────────────────
]]>
</failure>
</testcase>
<testcase name="Visits › opens consultation, starts review and navigates through steps" classname="e2e\visits.spec.js" time="16.562">
<system-out>
<![CDATA[Steps completed: [33m1[39m
]]>
</system-out>
</testcase>
<testcase name="Visits › opens a specific active visit directly by URL" classname="e2e\visits.spec.js" time="15.003">
</testcase>
<testcase name="Visits › opens a past visit directly by URL" classname="e2e\visits.spec.js" time="21.381">
<system-out>
<![CDATA[Past visit steps: [33m1[39m
]]>
</system-out>
</testcase>
</testsuite>
</testsuites>