<testsuites id="" name="" tests="11" failures="0" skipped="2" errors="0" time="112.46677000000001">
<testsuite name="e2e\auth.setup.js" timestamp="2026-06-17T21:01:43.422Z" hostname="setup" tests="1" failures="0" skipped="0" time="14.119" errors="0">
<testcase name="authenticate" classname="e2e\auth.setup.js" time="14.119">
<system-out>
<![CDATA[✅ Login confirmed!
✅ Session saved!
]]>
</system-out>
</testcase>
</testsuite>
<testsuite name="e2e\add-patient.spec.js" timestamp="2026-06-17T21:01:43.422Z" hostname="chromium" tests="10" failures="0" skipped="2" time="90.396" errors="0">
<testcase name="Add Patient — @add-patient › should open Add Patient modal when clicking Add Patient button" classname="e2e\add-patient.spec.js" time="10.6">
</testcase>
<testcase name="Add Patient — @add-patient › should close Add Patient modal when clicking Cancel" classname="e2e\add-patient.spec.js" time="9.064">
</testcase>
<testcase name="Add Patient — @add-patient › should display all key form fields inside the modal" classname="e2e\add-patient.spec.js" time="8.407">
</testcase>
<testcase name="Add Patient — @add-patient › should not submit when all fields are empty" classname="e2e\add-patient.spec.js" time="9.242">
</testcase>
<testcase name="Add Patient — @add-patient › should not submit when First Name is missing" classname="e2e\add-patient.spec.js" time="8.745">
</testcase>
<testcase name="Add Patient — @add-patient › should not submit when Last Name is missing" classname="e2e\add-patient.spec.js" time="9.622">
</testcase>
<testcase name="Add Patient — @add-patient › should add a new patient with all required fields and appear in listings" classname="e2e\add-patient.spec.js" time="19.373">
</testcase>
<testcase name="Add Patient — @add-patient › should verify the newly added patient" classname="e2e\add-patient.spec.js" time="15.343">
</testcase>
<testcase name="Add Patient — @add-patient › should open MRN lookup when clicking Add Patient (MRN)" classname="e2e\add-patient.spec.js">
<properties>
<property name="skip" value="">
</property>
</properties>
<skipped>
</skipped>
</testcase>
<testcase name="Add Patient — @add-patient › should show error for a non-existent MRN" classname="e2e\add-patient.spec.js">
<properties>
<property name="skip" value="">
</property>
</properties>
<skipped>
</skipped>
</testcase>
</testsuite>
</testsuites>